<?xml version="1.0" encoding="UTF-8"?>
<!-- Generated by org.testng.reporters.JUnitReportReporter -->
<testsuite hostname="DESKTOP-6CA8R65" failures="0" tests="1" name="testPractice.Exercise01" time="0.005" errors="0" timestamp="2023-11-05T01:00:52 PST" skipped="0">
  <testcase classname="testPractice.Exercise01" name="f" time="0.005"/>
  <system-out/>
</testsuite> <!-- testPractice.Exercise01 -->
