<?xml version="1.0" encoding="UTF-8"?>
<!-- Generated by org.testng.reporters.JUnitReportReporter -->
<testsuite hostname="DESKTOP-6CA8R65" failures="0" tests="1" name="testPractice.Inneriframe09" time="0.371" errors="0" timestamp="2023-11-29T17:37:13 PST" skipped="0">
  <testcase classname="testPractice.Inneriframe09" name="f" time="0.371"/>
  <system-out/>
</testsuite> <!-- testPractice.Inneriframe09 -->
