<?xml version="1.0" encoding="UTF-8"?>
<!-- Generated by org.testng.reporters.JUnitReportReporter -->
<testsuite hostname="DESKTOP-6CA8R65" failures="0" tests="1" name="testPractice.HandlingSlider_03" time="0.892" errors="0" timestamp="2023-11-28T23:34:32 PST" skipped="0">
  <testcase classname="testPractice.HandlingSlider_03" name="test" time="0.892"/>
  <system-out/>
</testsuite> <!-- testPractice.HandlingSlider_03 -->
