<?xml version="1.0" encoding="UTF-8"?>
<!-- Generated by org.testng.reporters.JUnitReportReporter -->
<testsuite hostname="DESKTOP-6CA8R65" failures="0" tests="1" name="testPractice_Level01.FileUpload_07" time="2.548" errors="0" timestamp="2023-12-12T10:49:58 PST" skipped="0">
  <testcase classname="testPractice_Level01.FileUpload_07" name="usingRobot" time="2.548"/>
  <system-out/>
</testsuite> <!-- testPractice_Level01.FileUpload_07 -->
