<?xml version="1.0" encoding="UTF-8"?>
<!-- Generated by org.testng.reporters.JUnitReportReporter -->
<testsuite hostname="DESKTOP-6CA8R65" failures="0" tests="1" name="testPractice.Dropdown_02" time="0.005" errors="0" timestamp="2023-11-08T14:40:12 PST" skipped="0">
  <testcase classname="testPractice.Dropdown_02" name="f" time="0.005"/>
  <system-out/>
</testsuite> <!-- testPractice.Dropdown_02 -->
