<?xml version="1.0" encoding="UTF-8"?>
<!-- Generated by org.testng.reporters.JUnitReportReporter -->
<testsuite hostname="DESKTOP-6CA8R65" failures="0" tests="1" name="testPractice.ActionVsActions_06" time="0.441" errors="0" timestamp="2023-11-28T23:53:59 PST" skipped="0">
  <testcase classname="testPractice.ActionVsActions_06" name="test" time="0.441"/>
  <system-out/>
</testsuite> <!-- testPractice.ActionVsActions_06 -->
