<?xml version="1.0" encoding="UTF-8"?>
<!-- Generated by org.testng.reporters.JUnitReportReporter -->
<testsuite hostname="DESKTOP-6CA8R65" failures="0" tests="1" name="testPractice.iframe_08" time="1.940" errors="0" timestamp="2023-11-29T17:04:29 PST" skipped="0">
  <testcase classname="testPractice.iframe_08" name="f" time="1.940"/>
  <system-out/>
</testsuite> <!-- testPractice.iframe_08 -->
