<?xml version="1.0" encoding="UTF-8"?>
<!-- Generated by org.testng.reporters.JUnitReportReporter -->
<testsuite hostname="DESKTOP-6CA8R65" failures="0" tests="1" name="testPractice_Level02.AuntenticatedPopUp" time="0.031" errors="0" timestamp="2023-11-29T19:13:57 PST" skipped="0">
  <testcase classname="testPractice_Level02.AuntenticatedPopUp" name="handlingPopUp" time="0.031"/>
  <system-out/>
</testsuite> <!-- testPractice_Level02.AuntenticatedPopUp -->
