<?xml version="1.0" encoding="UTF-8"?>
<!-- Generated by org.testng.reporters.JUnitReportReporter -->
<testsuite hostname="DESKTOP-6CA8R65" failures="0" tests="1" name="testPractice.InnerFrame_type02_10" time="0.294" errors="0" timestamp="2023-11-29T17:53:50 PST" skipped="0">
  <testcase classname="testPractice.InnerFrame_type02_10" name="f" time="0.294"/>
  <system-out/>
</testsuite> <!-- testPractice.InnerFrame_type02_10 -->
