<?xml version="1.0" encoding="UTF-8"?>
<!-- Generated by org.testng.reporters.JUnitReportReporter -->
<testsuite hostname="DESKTOP-6CA8R65" failures="0" tests="1" name="testPractice_Level02.PermissionPopUp03_chromeoptions" time="0.011" errors="0" timestamp="2023-11-29T19:23:41 PST" skipped="0">
  <testcase classname="testPractice_Level02.PermissionPopUp03_chromeoptions" name="handlingPopUp" time="0.011"/>
  <system-out/>
</testsuite> <!-- testPractice_Level02.PermissionPopUp03_chromeoptions -->
