<?xml version="1.0" encoding="UTF-8"?>
<!-- Generated by org.testng.reporters.JUnitReportReporter -->
<testsuite hostname="DESKTOP-6CA8R65" failures="0" tests="1" name="testPractice_Level01.InnerFrame_type02_10" time="0.199" errors="0" timestamp="2023-12-12T13:37:33 PST" skipped="0">
  <testcase classname="testPractice_Level01.InnerFrame_type02_10" name="f" time="0.199"/>
  <system-out/>
</testsuite> <!-- testPractice_Level01.InnerFrame_type02_10 -->
